<?xml version="1.0" encoding="UTF-8"?>
<!-- Generated by org.testng.reporters.JUnitReportReporter -->
<testsuite hostname="Sivam" failures="0" tests="2" name="testNg.NewTest" time="0.005" errors="0" timestamp="2024-09-12T00:07:11 IST" skipped="0">
  <testcase classname="testNg.NewTest" name="f" time="0.004"/>
  <testcase classname="testNg.NewTest" name="f2" time="0.001"/>
</testsuite> <!-- testNg.NewTest -->
