<?xml version="1.0" encoding="UTF-8"?>
<!-- Generated by org.testng.reporters.JUnitReportReporter -->
<testsuite hostname="Sivam" failures="0" tests="4" name="testNg.PriorityClass" time="0.003" errors="0" timestamp="2024-09-06T13:29:49 IST" skipped="0">
  <testcase classname="testNg.PriorityClass" name="startCar" time="0.001"/>
  <testcase classname="testNg.PriorityClass" name="firstGear" time="0.001"/>
  <testcase classname="testNg.PriorityClass" name="secondGear" time="0.001"/>
  <testcase classname="testNg.PriorityClass" name="thirdGear" time="0.000"/>
</testsuite> <!-- testNg.PriorityClass -->
