<?xml version="1.0" encoding="UTF-8"?>
<!-- Generated by org.testng.reporters.JUnitReportReporter -->
<testsuite hostname="Sivam" failures="0" tests="2" name="testNg.DependencManagement" time="0.002" errors="0" timestamp="2024-09-06T13:29:49 IST" skipped="0">
  <testcase classname="testNg.DependencManagement" name="flipkart" time="0.001"/>
  <testcase classname="testNg.DependencManagement" name="browser" time="0.001"/>
</testsuite> <!-- testNg.DependencManagement -->
