<?xml version="1.0" encoding="UTF-8"?>
<!-- Generated by org.testng.reporters.JUnitReportReporter -->
<testsuite hostname="Sivam" failures="0" tests="2" name="testNg.SuiteClass" time="0.005" errors="0" timestamp="2024-09-06T13:29:49 IST" skipped="0">
  <testcase classname="testNg.SuiteClass" name="openFlipkart" time="0.004"/>
  <testcase classname="testNg.SuiteClass" name="openGoogle" time="0.001"/>
</testsuite> <!-- testNg.SuiteClass -->
